[     234ms] [INFO] %cDownload the React DevTools for a better development experience: https://react.dev/link/react-devtools font-weight:bold @ http://localhost:63359/_next/static/chunks/node_modules_next_dist_f3530cac._.js:2297
[     252ms] [LOG] [HMR] connected @ http://localhost:63359/_next/static/chunks/node_modules_next_dist_f3530cac._.js:2297
[    6407ms] [LOG] [Fast Refresh] rebuilding @ http://localhost:63359/_next/static/chunks/node_modules_next_dist_f3530cac._.js:2297
[    6421ms] [LOG] [Fast Refresh] done in 116ms @ http://localhost:63359/_next/static/chunks/node_modules_next_dist_f3530cac._.js:2297
[    7621ms] [WARNING] Image with src "http://localhost:63359/.shipstudio/assets/video-icon.svg" has either width or height modified, but not the other. If you use CSS to change the size of your image, also include the styles 'width: "auto"' or 'height: "auto"' to maintain the aspect ratio. @ http://localhost:63359/_next/static/chunks/node_modules_next_dist_f3530cac._.js:2297
[    7626ms] [WARNING] Image with src "http://localhost:63359/.shipstudio/assets/events-icon.svg" has either width or height modified, but not the other. If you use CSS to change the size of your image, also include the styles 'width: "auto"' or 'height: "auto"' to maintain the aspect ratio. @ http://localhost:63359/_next/static/chunks/node_modules_next_dist_f3530cac._.js:2297
[    7629ms] [WARNING] Image with src "http://localhost:63359/.shipstudio/assets/strategy-icon.svg" has either width or height modified, but not the other. If you use CSS to change the size of your image, also include the styles 'width: "auto"' or 'height: "auto"' to maintain the aspect ratio. @ http://localhost:63359/_next/static/chunks/node_modules_next_dist_f3530cac._.js:2297
[   46129ms] [LOG] [Fast Refresh] rebuilding @ http://localhost:63359/_next/static/chunks/node_modules_next_dist_f3530cac._.js:2297
[   46130ms] [LOG] [Fast Refresh] done in 101ms @ http://localhost:63359/_next/static/chunks/node_modules_next_dist_f3530cac._.js:2297
[  413840ms] [LOG] [Fast Refresh] rebuilding @ http://localhost:63359/_next/static/chunks/node_modules_next_dist_f3530cac._.js:2297
[  413987ms] [LOG] [Fast Refresh] done in 147ms @ http://localhost:63359/_next/static/chunks/node_modules_next_dist_f3530cac._.js:2297
[  635708ms] [LOG] [Fast Refresh] rebuilding @ http://localhost:63359/_next/static/chunks/node_modules_next_dist_f3530cac._.js:2297
[  635738ms] [LOG] [Fast Refresh] done in 102ms @ http://localhost:63359/_next/static/chunks/node_modules_next_dist_f3530cac._.js:2297
[  642201ms] [LOG] [Fast Refresh] rebuilding @ http://localhost:63359/_next/static/chunks/node_modules_next_dist_f3530cac._.js:2297
[  642222ms] [LOG] [Fast Refresh] done in 43ms @ http://localhost:63359/_next/static/chunks/node_modules_next_dist_f3530cac._.js:2297
[  648914ms] [LOG] [Fast Refresh] rebuilding @ http://localhost:63359/_next/static/chunks/node_modules_next_dist_f3530cac._.js:2297
[  648932ms] [LOG] [Fast Refresh] done in 64ms @ http://localhost:63359/_next/static/chunks/node_modules_next_dist_f3530cac._.js:2297
[  657203ms] [LOG] [Fast Refresh] rebuilding @ http://localhost:63359/_next/static/chunks/node_modules_next_dist_f3530cac._.js:2297
[  657223ms] [LOG] [Fast Refresh] done in 70ms @ http://localhost:63359/_next/static/chunks/node_modules_next_dist_f3530cac._.js:2297
[  717527ms] [LOG] [Fast Refresh] rebuilding @ http://localhost:63359/_next/static/chunks/node_modules_next_dist_f3530cac._.js:2297
[  717545ms] [LOG] [Fast Refresh] done in 69ms @ http://localhost:63359/_next/static/chunks/node_modules_next_dist_f3530cac._.js:2297
[  726176ms] [LOG] [Fast Refresh] rebuilding @ http://localhost:63359/_next/static/chunks/node_modules_next_dist_f3530cac._.js:2297
[  726197ms] [LOG] [Fast Refresh] done in 58ms @ http://localhost:63359/_next/static/chunks/node_modules_next_dist_f3530cac._.js:2297
[  733310ms] [LOG] [Fast Refresh] rebuilding @ http://localhost:63359/_next/static/chunks/node_modules_next_dist_f3530cac._.js:2297
[  733329ms] [LOG] [Fast Refresh] done in 67ms @ http://localhost:63359/_next/static/chunks/node_modules_next_dist_f3530cac._.js:2297
[  743991ms] [LOG] [Fast Refresh] rebuilding @ http://localhost:63359/_next/static/chunks/node_modules_next_dist_f3530cac._.js:2297
[  744010ms] [LOG] [Fast Refresh] done in 36ms @ http://localhost:63359/_next/static/chunks/node_modules_next_dist_f3530cac._.js:2297
