[     270ms] [INFO] %cDownload the React DevTools for a better development experience: https://react.dev/link/react-devtools font-weight:bold @ http://localhost:50806/_next/static/chunks/node_modules_next_dist_f3530cac._.js:2297
[     313ms] [LOG] [HMR] connected @ http://localhost:50806/_next/static/chunks/node_modules_next_dist_f3530cac._.js:2297
[     417ms] [LOG] [Fast Refresh] rebuilding @ http://localhost:50806/_next/static/chunks/node_modules_next_dist_f3530cac._.js:2297
[     443ms] [LOG] [Fast Refresh] done in 128ms @ http://localhost:50806/_next/static/chunks/node_modules_next_dist_f3530cac._.js:2297
[  150868ms] [LOG] [Fast Refresh] rebuilding @ http://localhost:50806/_next/static/chunks/node_modules_next_dist_f3530cac._.js:2297
[  151753ms] [LOG] [Fast Refresh] done in 992ms @ http://localhost:50806/_next/static/chunks/node_modules_next_dist_f3530cac._.js:2297
[  390850ms] [LOG] [Fast Refresh] rebuilding @ http://localhost:50806/_next/static/chunks/node_modules_next_dist_f3530cac._.js:2297
[  391080ms] [LOG] [Fast Refresh] done in 284ms @ http://localhost:50806/_next/static/chunks/node_modules_next_dist_f3530cac._.js:2297
[  399378ms] [LOG] [Fast Refresh] rebuilding @ http://localhost:50806/_next/static/chunks/node_modules_next_dist_f3530cac._.js:2297
[  399423ms] [LOG] [Fast Refresh] done in 117ms @ http://localhost:50806/_next/static/chunks/node_modules_next_dist_f3530cac._.js:2297
[  502769ms] [LOG] [Fast Refresh] rebuilding @ http://localhost:50806/_next/static/chunks/node_modules_next_dist_f3530cac._.js:2297
[  502795ms] [LOG] [Fast Refresh] done in 128ms @ http://localhost:50806/_next/static/chunks/node_modules_next_dist_f3530cac._.js:2297
[  600692ms] [LOG] [Fast Refresh] rebuilding @ http://localhost:50806/_next/static/chunks/node_modules_next_dist_f3530cac._.js:2297
[  600783ms] [LOG] [Fast Refresh] done in 144ms @ http://localhost:50806/_next/static/chunks/node_modules_next_dist_f3530cac._.js:2297
[  601740ms] [LOG] [Fast Refresh] rebuilding @ http://localhost:50806/_next/static/chunks/node_modules_next_dist_f3530cac._.js:2297
[  601805ms] [LOG] [Fast Refresh] done in 167ms @ http://localhost:50806/_next/static/chunks/node_modules_next_dist_f3530cac._.js:2297
[  609570ms] [LOG] [Fast Refresh] rebuilding @ http://localhost:50806/_next/static/chunks/node_modules_next_dist_f3530cac._.js:2297
[  609705ms] [LOG] [Fast Refresh] done in 117ms @ http://localhost:50806/_next/static/chunks/node_modules_next_dist_f3530cac._.js:2297
[  612755ms] [LOG] [Fast Refresh] rebuilding @ http://localhost:50806/_next/static/chunks/node_modules_next_dist_f3530cac._.js:2297
[  612764ms] [LOG] [Fast Refresh] done in 110ms @ http://localhost:50806/_next/static/chunks/node_modules_next_dist_f3530cac._.js:2297
[  615568ms] [LOG] [Fast Refresh] rebuilding @ http://localhost:50806/_next/static/chunks/node_modules_next_dist_f3530cac._.js:2297
[  615632ms] [LOG] [Fast Refresh] done in 125ms @ http://localhost:50806/_next/static/chunks/node_modules_next_dist_f3530cac._.js:2297
[  621490ms] [LOG] [Fast Refresh] rebuilding @ http://localhost:50806/_next/static/chunks/node_modules_next_dist_f3530cac._.js:2297
[  621530ms] [LOG] [Fast Refresh] done in 60ms @ http://localhost:50806/_next/static/chunks/node_modules_next_dist_f3530cac._.js:2297
[  623786ms] [LOG] [Fast Refresh] rebuilding @ http://localhost:50806/_next/static/chunks/node_modules_next_dist_f3530cac._.js:2297
[  623970ms] [LOG] [Fast Refresh] done in 290ms @ http://localhost:50806/_next/static/chunks/node_modules_next_dist_f3530cac._.js:2297
[  626085ms] [LOG] [Fast Refresh] rebuilding @ http://localhost:50806/_next/static/chunks/node_modules_next_dist_f3530cac._.js:2297
[  626245ms] [LOG] [Fast Refresh] done in 207ms @ http://localhost:50806/_next/static/chunks/node_modules_next_dist_f3530cac._.js:2297
[  631120ms] [LOG] [Fast Refresh] rebuilding @ http://localhost:50806/_next/static/chunks/node_modules_next_dist_f3530cac._.js:2297
[  631216ms] [LOG] [Fast Refresh] done in 120ms @ http://localhost:50806/_next/static/chunks/node_modules_next_dist_f3530cac._.js:2297
[  634841ms] [LOG] [Fast Refresh] rebuilding @ http://localhost:50806/_next/static/chunks/node_modules_next_dist_f3530cac._.js:2297
[  634994ms] [LOG] [Fast Refresh] done in 256ms @ http://localhost:50806/_next/static/chunks/node_modules_next_dist_f3530cac._.js:2297
[  638930ms] [LOG] [Fast Refresh] rebuilding @ http://localhost:50806/_next/static/chunks/node_modules_next_dist_f3530cac._.js:2297
[  639001ms] [LOG] [Fast Refresh] done in 90ms @ http://localhost:50806/_next/static/chunks/node_modules_next_dist_f3530cac._.js:2297
[  645395ms] [LOG] [Fast Refresh] rebuilding @ http://localhost:50806/_next/static/chunks/node_modules_next_dist_f3530cac._.js:2297
[  645422ms] [LOG] [Fast Refresh] done in 41ms @ http://localhost:50806/_next/static/chunks/node_modules_next_dist_f3530cac._.js:2297
[  645736ms] [LOG] [Fast Refresh] rebuilding @ http://localhost:50806/_next/static/chunks/node_modules_next_dist_f3530cac._.js:2297
[  645743ms] [LOG] [Fast Refresh] done in 109ms @ http://localhost:50806/_next/static/chunks/node_modules_next_dist_f3530cac._.js:2297
[  651540ms] [LOG] [Fast Refresh] rebuilding @ http://localhost:50806/_next/static/chunks/node_modules_next_dist_f3530cac._.js:2297
[  651579ms] [LOG] [Fast Refresh] done in 31ms @ http://localhost:50806/_next/static/chunks/node_modules_next_dist_f3530cac._.js:2297
[  656691ms] [LOG] [Fast Refresh] rebuilding @ http://localhost:50806/_next/static/chunks/node_modules_next_dist_f3530cac._.js:2297
[  656881ms] [LOG] [Fast Refresh] done in 108ms @ http://localhost:50806/_next/static/chunks/node_modules_next_dist_f3530cac._.js:2297
[  678429ms] [LOG] [Fast Refresh] rebuilding @ http://localhost:50806/_next/static/chunks/node_modules_next_dist_f3530cac._.js:2297
[  678520ms] [LOG] [Fast Refresh] done in 74ms @ http://localhost:50806/_next/static/chunks/node_modules_next_dist_f3530cac._.js:2297
[  679731ms] [LOG] [Fast Refresh] rebuilding @ http://localhost:50806/_next/static/chunks/node_modules_next_dist_f3530cac._.js:2297
[  679746ms] [LOG] [Fast Refresh] done in 115ms @ http://localhost:50806/_next/static/chunks/node_modules_next_dist_f3530cac._.js:2297
[  684407ms] [LOG] [Fast Refresh] rebuilding @ http://localhost:50806/_next/static/chunks/node_modules_next_dist_f3530cac._.js:2297
[  684479ms] [LOG] [Fast Refresh] done in 87ms @ http://localhost:50806/_next/static/chunks/node_modules_next_dist_f3530cac._.js:2297
[  687742ms] [LOG] [Fast Refresh] rebuilding @ http://localhost:50806/_next/static/chunks/node_modules_next_dist_f3530cac._.js:2297
[  687788ms] [LOG] [Fast Refresh] done in 147ms @ http://localhost:50806/_next/static/chunks/node_modules_next_dist_f3530cac._.js:2297
[  690245ms] [LOG] [Fast Refresh] rebuilding @ http://localhost:50806/_next/static/chunks/node_modules_next_dist_f3530cac._.js:2297
[  690314ms] [LOG] [Fast Refresh] done in 78ms @ http://localhost:50806/_next/static/chunks/node_modules_next_dist_f3530cac._.js:2297
[  697758ms] [LOG] [Fast Refresh] rebuilding @ http://localhost:50806/_next/static/chunks/node_modules_next_dist_f3530cac._.js:2297
[  697759ms] [LOG] [Fast Refresh] done in 103ms @ http://localhost:50806/_next/static/chunks/node_modules_next_dist_f3530cac._.js:2297
