[     284ms] [INFO] %cDownload the React DevTools for a better development experience: https://react.dev/link/react-devtools font-weight:bold @ http://localhost:63359/_next/static/chunks/node_modules_next_dist_f3530cac._.js:2297
[     317ms] [LOG] [HMR] connected @ http://localhost:63359/_next/static/chunks/node_modules_next_dist_f3530cac._.js:2297
[     475ms] [ERROR] Failed to load resource: the server responded with a status of 404 (Not Found) @ http://localhost:63359/.shipstudio/assets/portfolio/faith-driven-cover.jpg:0
[    8366ms] [WARNING] Image with src "http://localhost:63359/.shipstudio/assets/nectarine-logo-5.svg" has either width or height modified, but not the other. If you use CSS to change the size of your image, also include the styles 'width: "auto"' or 'height: "auto"' to maintain the aspect ratio. @ http://localhost:63359/_next/static/chunks/node_modules_next_dist_f3530cac._.js:2297
[    8423ms] [WARNING] Image with src "/.shipstudio/assets/nectarine-logo-5.svg" was detected as the Largest Contentful Paint (LCP). Please add the `loading="eager"` property if this image is above the fold.
Read more: https://nextjs.org/docs/app/api-reference/components/image#loading @ http://localhost:63359/_next/static/chunks/node_modules_next_dist_f3530cac._.js:2297
[   69110ms] [LOG] [Fast Refresh] rebuilding @ http://localhost:63359/_next/static/chunks/node_modules_next_dist_f3530cac._.js:2297
[   69141ms] [LOG] [Fast Refresh] done in 71ms @ http://localhost:63359/_next/static/chunks/node_modules_next_dist_f3530cac._.js:2297
[   69222ms] [WARNING] Image with src "/.shipstudio/assets/portfolio/David-Bruce-Cover.gif" was detected as the Largest Contentful Paint (LCP). Please add the `loading="eager"` property if this image is above the fold.
Read more: https://nextjs.org/docs/app/api-reference/components/image#loading @ http://localhost:63359/_next/static/chunks/node_modules_next_dist_f3530cac._.js:2297
[  128090ms] [LOG] [Fast Refresh] rebuilding @ http://localhost:63359/_next/static/chunks/node_modules_next_dist_f3530cac._.js:2297
[  128103ms] [LOG] [Fast Refresh] done in 72ms @ http://localhost:63359/_next/static/chunks/node_modules_next_dist_f3530cac._.js:2297
[  130645ms] [LOG] [Fast Refresh] rebuilding @ http://localhost:63359/_next/static/chunks/node_modules_next_dist_f3530cac._.js:2297
[  130717ms] [LOG] [Fast Refresh] done in 173ms @ http://localhost:63359/_next/static/chunks/node_modules_next_dist_f3530cac._.js:2297
[  136730ms] [LOG] [Fast Refresh] rebuilding @ http://localhost:63359/_next/static/chunks/node_modules_next_dist_f3530cac._.js:2297
[  136761ms] [LOG] [Fast Refresh] done in 73ms @ http://localhost:63359/_next/static/chunks/node_modules_next_dist_f3530cac._.js:2297
[  199336ms] [LOG] [Fast Refresh] rebuilding @ http://localhost:63359/_next/static/chunks/node_modules_next_dist_f3530cac._.js:2297
[  199360ms] [LOG] [Fast Refresh] done in 125ms @ http://localhost:63359/_next/static/chunks/node_modules_next_dist_f3530cac._.js:2297
[  226626ms] [LOG] [Fast Refresh] rebuilding @ http://localhost:63359/_next/static/chunks/node_modules_next_dist_f3530cac._.js:2297
[  226655ms] [LOG] [Fast Refresh] done in 49ms @ http://localhost:63359/_next/static/chunks/node_modules_next_dist_f3530cac._.js:2297
[  235379ms] [LOG] [Fast Refresh] rebuilding @ http://localhost:63359/_next/static/chunks/node_modules_next_dist_f3530cac._.js:2297
[  235408ms] [LOG] [Fast Refresh] done in 31ms @ http://localhost:63359/_next/static/chunks/node_modules_next_dist_f3530cac._.js:2297
[  243412ms] [LOG] [Fast Refresh] rebuilding @ http://localhost:63359/_next/static/chunks/node_modules_next_dist_f3530cac._.js:2297
[  243436ms] [LOG] [Fast Refresh] done in 53ms @ http://localhost:63359/_next/static/chunks/node_modules_next_dist_f3530cac._.js:2297
