[     261ms] [INFO] %cDownload the React DevTools for a better development experience: https://react.dev/link/react-devtools font-weight:bold @ http://localhost:63359/_next/static/chunks/node_modules_next_dist_f3530cac._.js:2297
[     315ms] [LOG] [HMR] connected @ http://localhost:63359/_next/static/chunks/node_modules_next_dist_f3530cac._.js:2297
[     337ms] [WARNING] Image with src "/.shipstudio/assets/nectarine-logo-4.svg" was detected as the Largest Contentful Paint (LCP). Please add the `loading="eager"` property if this image is above the fold.
Read more: https://nextjs.org/docs/app/api-reference/components/image#loading @ http://localhost:63359/_next/static/chunks/node_modules_next_dist_f3530cac._.js:2297
[     367ms] [WARNING] Image with src "http://localhost:63359/.shipstudio/assets/workshop-icon.svg" has either width or height modified, but not the other. If you use CSS to change the size of your image, also include the styles 'width: "auto"' or 'height: "auto"' to maintain the aspect ratio. @ http://localhost:63359/_next/static/chunks/node_modules_next_dist_f3530cac._.js:2297
[     408ms] [ERROR] Failed to load resource: the server responded with a status of 404 (Not Found) @ http://localhost:63359/.shipstudio/assets/portfolio/faith-driven-cover.jpg:0
[   26534ms] [LOG] [Fast Refresh] rebuilding @ http://localhost:63359/_next/static/chunks/node_modules_next_dist_f3530cac._.js:2297
[   26579ms] [LOG] [Fast Refresh] done in 149ms @ http://localhost:63359/_next/static/chunks/node_modules_next_dist_f3530cac._.js:2297
[  294221ms] [LOG] [Fast Refresh] rebuilding @ http://localhost:63359/_next/static/chunks/node_modules_next_dist_f3530cac._.js:2297
[  294330ms] ReferenceError: auditsActive is not defined
    at HomePage (http://localhost:63359/_next/static/chunks/_fda842cf._.js?id=%255Bproject%255D%252Fapp%252Fpage.tsx+%255Bapp-client%255D+%2528ecmascript%2529:1114:68)
    at Object.react_stack_bottom_frame (http://localhost:63359/_next/static/chunks/node_modules_next_dist_compiled_react-dom_1e674e59._.js:14826:24)
    at renderWithHooks (http://localhost:63359/_next/static/chunks/node_modules_next_dist_compiled_react-dom_1e674e59._.js:4651:24)
    at updateFunctionComponent (http://localhost:63359/_next/static/chunks/node_modules_next_dist_compiled_react-dom_1e674e59._.js:6112:21)
    at beginWork (http://localhost:63359/_next/static/chunks/node_modules_next_dist_compiled_react-dom_1e674e59._.js:6708:24)
    at runWithFiberInDEV (http://localhost:63359/_next/static/chunks/node_modules_next_dist_compiled_react-dom_1e674e59._.js:965:74)
    at performUnitOfWork (http://localhost:63359/_next/static/chunks/node_modules_next_dist_compiled_react-dom_1e674e59._.js:9562:97)
    at workLoopSync (http://localhost:63359/_next/static/chunks/node_modules_next_dist_compiled_react-dom_1e674e59._.js:9456:40)
    at renderRootSync (http://localhost:63359/_next/static/chunks/node_modules_next_dist_compiled_react-dom_1e674e59._.js:9440:13)
    at performWorkOnRoot (http://localhost:63359/_next/static/chunks/node_modules_next_dist_compiled_react-dom_1e674e59._.js:9105:47)
    at performSyncWorkOnRoot (http://localhost:63359/_next/static/chunks/node_modules_next_dist_compiled_react-dom_1e674e59._.js:10238:9)
    at flushSyncWorkAcrossRoots_impl (http://localhost:63359/_next/static/chunks/node_modules_next_dist_compiled_react-dom_1e674e59._.js:10154:316)
    at flushSyncWork$1 (http://localhost:63359/_next/static/chunks/node_modules_next_dist_compiled_react-dom_1e674e59._.js:9237:86)
    at Object.scheduleRefresh (http://localhost:63359/_next/static/chunks/node_modules_next_dist_compiled_react-dom_1e674e59._.js:299:13)
    at http://localhost:63359/_next/static/chunks/node_modules_next_dist_compiled_a0e4c7b4._.js:391:33
    at Set.forEach (<anonymous>)
    at Object.performReactRefresh (http://localhost:63359/_next/static/chunks/node_modules_next_dist_compiled_a0e4c7b4._.js:384:38)
    at applyUpdate (http://localhost:63359/_next/static/chunks/node_modules_next_dist_compiled_a0e4c7b4._.js:878:31)
    at http://localhost:63359/_next/static/chunks/node_modules_next_dist_compiled_a0e4c7b4._.js:886:13
[  294413ms] [LOG] [Fast Refresh] done in 140ms @ http://localhost:63359/_next/static/chunks/node_modules_next_dist_f3530cac._.js:2297
[  298222ms] [LOG] [Fast Refresh] rebuilding @ http://localhost:63359/_next/static/chunks/node_modules_next_dist_f3530cac._.js:2297
[  298229ms] [LOG] [Fast Refresh] done in 108ms @ http://localhost:63359/_next/static/chunks/node_modules_next_dist_f3530cac._.js:2297
[  311543ms] [LOG] [Fast Refresh] rebuilding @ http://localhost:63359/_next/static/chunks/node_modules_next_dist_f3530cac._.js:2297
[  311608ms] [LOG] [Fast Refresh] done in 166ms @ http://localhost:63359/_next/static/chunks/node_modules_next_dist_f3530cac._.js:2297
[  336918ms] [LOG] [Fast Refresh] rebuilding @ http://localhost:63359/_next/static/chunks/node_modules_next_dist_f3530cac._.js:2297
[  336958ms] [WARNING] [Fast Refresh] performing full reload because your application had an unrecoverable error @ http://localhost:63359/_next/static/chunks/node_modules_next_dist_f3530cac._.js:2297
[  337053ms] [LOG] [Fast Refresh] done in 131ms @ http://localhost:63359/_next/static/chunks/node_modules_next_dist_f3530cac._.js:2297
[  337247ms] [LOG] [Fast Refresh] rebuilding @ http://localhost:63359/_next/static/chunks/node_modules_next_dist_f3530cac._.js:2297
[  337444ms] [LOG] [Fast Refresh] done in 298ms @ http://localhost:63359/_next/static/chunks/node_modules_next_dist_f3530cac._.js:2297
[  338007ms] [INFO] %cDownload the React DevTools for a better development experience: https://react.dev/link/react-devtools font-weight:bold @ http://localhost:63359/_next/static/chunks/node_modules_next_dist_f3530cac._.js:2297
[  338048ms] [LOG] [HMR] connected @ http://localhost:63359/_next/static/chunks/node_modules_next_dist_f3530cac._.js:2297
[  338109ms] [WARNING] Image with src "/.shipstudio/assets/nectarine-logo-4.svg" was detected as the Largest Contentful Paint (LCP). Please add the `loading="eager"` property if this image is above the fold.
Read more: https://nextjs.org/docs/app/api-reference/components/image#loading @ http://localhost:63359/_next/static/chunks/node_modules_next_dist_f3530cac._.js:2297
[  338138ms] [ERROR] Failed to load resource: the server responded with a status of 404 (Not Found) @ http://localhost:63359/.shipstudio/assets/portfolio/faith-driven-cover.jpg:0
[  338663ms] [WARNING] Image with src "/.shipstudio/assets/portfolio/NECT_Site_LP-Gif.gif" was detected as the Largest Contentful Paint (LCP). Please add the `loading="eager"` property if this image is above the fold.
Read more: https://nextjs.org/docs/app/api-reference/components/image#loading @ http://localhost:63359/_next/static/chunks/node_modules_next_dist_f3530cac._.js:2297
